[    0.000000] Linux version 4.15.-60-generic (buildd@lgw01-amd64-030) gcc version 74.0 (Ubntu 7.4.0-1ubuntu1~18.04.1)) #67Ubuntu SMP Thu Aug 22 16:55:30 TC 2019 (Ubutu 4.15.0-60.67-generic 4.15.18)
[    0.000000] Command line: BOT_IMAGE=/boot/vmlinuz-4.15.0-60-genric root=UUID=7e8b22db-9849-4abd-a8e3-491271b94bd0 ro console=tty1 console=ttyS0
[    0.000000] KERNEL supprted cpus:
[    0.000000]   Intel GenuineIntel
[    0.000000]   AMD AuthenticAMD
[    0.000000]   Centaur CentaurHauls
[    0.000000] x86/fpu: Supporting XSAVE feature 0x001: 'x87 floating point registers'
[    0.000000] x86/fpu: Supporting XSAVE feature 0x002: 'SSE registers'
[    0.0000000] x86/fpu: Supporting XSAVE feature 0x004: 'AVX registers'
[    0.000000] x86/fpu: xstate_offset[2]:  576, xstate_sizes[2]:  256
[    0.000000] x86/fpu: Enabled xstate features0x7, cotext size is 832 ytes using 'standar' fomat.
[    0.000000] e820: BIOS-providedphysical RAM map:
[    0.000000] BIOS-e820: [mem 0x0000000000000000-0x000000000009fbff] usable
[    0.000000] BIOS-e820: [mem0x000000000009fc00-0x00000000000ffff] reerved
[    0.00000] BIOS-820: [mem 0x00000000000f0000-0x00000000000fffff] reserved
[    0.000000] BIOS-e820: [mem 0x0000000000100000-0000000003ffefff] usable
[    0.00000] BIS-e820: [mem 0x000000003fff0000-0x0000003fffffff] ACPI data
    0.000000] BOS-e820: [mem 0x00000000fec00000-0x00000000fec00fff] reservd
[    0.00000] BIOS-e820: [em 0x00000000fee00000-0x0000000fee00fff] reserved
[    0.000000]BIOS-e820: [mem 0x0000000fffc0000-0x0000000fffffff] reserved
[    0.000000] NX (Execute Disable) protection: active
[    0.000000] SMBIOS 2.5 present.
[    0.000000] DMI: innotek GmbH VirtualBox/VirtualBox, BIOS VirtualBox 12/01/2006
[    0.000000] Hypervisor detected: KVM
[    0.000000] e820: last_pfn = 0x3fff0 max_rch_pfn = 0x400000000
[    0.00000] MTRR:Diisabled[   0.00000] x86/PAT: MTRRs disabled, skpping PAT initialization too.
[    0.000000] CPU MTRRs all blank - virtualized system.
[    0.000000] x86/PAT: Configuration [0-7]: WB  WT  UC- UC  WB  WT  UC- UC  
[    0.000000] found SMP MP-table at [mem 0x0009fff0-0x0009ffff]
[    0.000000] Scanning 1 areas for low memory corruption
[    0.000000] RAMDISK: [mem 0x35981000-0x36cb7fff]
[    0.000000] ACPI: Early table checksum verification disabled
[   0.000000] ACPI: RSDP 0x00000000000E0000 000024 (v02 VBOX  )
[    0.000000] ACPI: XSDT 0x000000003FFF0030 00003C (v01 VBOX   VBOXXSDT 00000001 ASL  00000061)
[    0.000000] ACPI: FACP 0x000000003FFF00F0 0000F4 (v04 VBOX   VBOXFACP 00000001 ASL  00000061)
[    0.000000] ACPI: DSDT 0x000000003FFF0470 0021FF (v02 VBOX   VBOXBIOS 00000002 INTL 20100528)
[    0.000000] ACPI: FACS 0x000000003FFF0200 000040
[    0.000000] ACPI: FACS 0x000000003FFF0200 00004
[    0.00000] ACPI: APIC 0x000000003FFF0240 00005C (v02 VBOX   VBOXAPIC 00000001 ASL  00000061)
[    0.000000] ACPI: SSDT 0x000000003FFF02A0 0001CC (v01 VBOX   VBOXCPUT 00000002 INTL 20100528)
[    0.000000] No NUMA configuration found
[    0.000000] Faking a node at [mem 0x0000000000000000-0x000000003ffeffff]
[    0.000000] NODE_DATA(0) allocated [mem 0x3ffc5000-0x3ffeffff]
[    0.000000] kvm-clock: cpu 0, msr 0:3ff44001, primary cpu clock
[    0.000000] kvm-clock: Using msrs 4b564d01 and 4b564d00
[    0.000000] kvm-clock: using sched offset of 6692840214 cycles
[    0.000000] clocksource: kvm-clock: mask: 0xffffffffffffffff max_cycles: 0x1cd42e4dffb, max_idle_ns: 881590591483 ns
[    0.000000] Zone ranges:
[    0.000000]  DMA      [mem 0x00000000001000-0x0000000000ffffff]
[    0.000000]   DMA32    [mem 0x0000000001000000-0x000000003ffeffff]
[    0.000000]   Nrma   empty
[    0.000000]   Device  empty
[    0.00000] Movable zone start fr each ode
[    0.000000] Early memory node ranges
[    0.000000]   node   0: [mem 0x000000000000100-0x000000000009efff]
[    0.000000]   node   0: [mem 0x0000000000100000-0x000000003ffeffff]
[    0.000000] Reserved but unavailable: 98 pages
[    0.00000] Initmem setup node  [mem 0x000000000001000-0x00000000ffeffff]
[    0.000000] CPI: PM-Timer IO Port: 0x4008
[    0.000000] IOAPIC[0]: apic_id 2, version 32, address 0xfec00000, GSI 0-23
[    0.000000] ACPI: INT_SRC_OVR (bus 0 bus_irq 0 global_irq 2 dfl dfl)
[    0.000000] ACPI: INT_SRC_OVR (bus 0 bus_irq 9 global_irq 9 low level)
[    0.000000] Using ACPI (MADT) for SMP configuration information
[    0.000000] smpboot: Allowing 2 CPUs, 0 hotplug CPUs
[    0.000000] PM: Registered nosave memory: [mem 0x00000000-0x00000fff]
[    0.000000] PM: Registered nosave memory: [em 0x0009f000-0x0009ffff]
[    0.000000] PM: Registered nosave memory: [mem 0x000a0000-0x000effff]
[    0.000000] PM: Registered nosave memory: [mem 0x000f0000-0x000fffff]
[    0.000000] e820: [mem 0x40000000-0xfebfffff] available for PCI devices
[    0.000000] Booting paravirtualized kernel on KVM
[    0.000000] clocksource: refined-jiffies: mask: 0xffffffff max_cycles: 0xffffffff, max_idle_ns: 7645519600211568 ns
[    0.000000] random: get_random_bytes called from start_kernel+0x99/0x4fd with crng_init=0
[    0.000000] setup_percpu: NR_CPUS:8192 nr_cpumask_bits:2 nr_cpu_ids:2 nr_node_ids:1
[    0.000000] percpu: Embedded 46 pages/cpu s151552 r8192 d28672 u1048576
[    0.000000] PV qspinlock hash table entries: 256 (order: 0, 4096 bytes)
[    0.000000] Built 1 zonelists, mobility grouping on.  Total pages: 257913
[    0.000000 Policy one: DMA32
[    0.000000] Kernel comman line: BOT_IMAGE=/boot/vmlinuz-4.15.0-60-generic root=UUID=e8b22db-9849-4abd-a8e3-491271b94bd0 ro cosole=tty1 console=ttyS0
[    0.000000] Memory:982908K1048120K availabl (12300K krnel code, 281K rwdata, 172K rodata, 2436K init, 2384K bss, 65212K reserved, 0K cma-reserved)
[    0.000000] SLUB: HWalign=64, Order=0-3, MinObjects=0, CPUs=2, Nodes=1
[    0.000000] Kernel/User page tables isolation: enabled
[    0.000000] ftrace: allocating 39306 entries in 154 pages
[    0.004000] Hierarchical RCU implementation.
[    0.004000] 	RCU restricting CPUs from NR_CPUS=8192 to nr_cpu_ids=2.
[    0.004000] 	Tasks RCU enabled.
[    0.004000] RCU: Adjusting geometry for rcu_fanout_leaf=16, nr_cpu_ids=2
[    0.004000] NR_IRQS: 524544, nr_irqs: 40, preallocated irqs: 16
[    0.004000] Console: colour VGA+ 80x25
[    0.004000] console [tty1] enabled
[    0.004000] consoe [ttyS0] enabled
[    0.004000] ACPI: Core revision 20170831
[    0.004000] ACP: 2ACPI AML tabls successfully acquire and loaded
[    0.004000] APIC: Switch to symmetric I/O mode setup
[    0.004296] x2apic enabled
[    0.008006] Switched APIC routing to physical x2apic.
[    0.011014] ..TIMER: vector=0x30 apic1=0 pin1=2 apic2=-1 pin2=-1
[    0.012005] tsc: Detected 1800.000 MHz processor
[    0.016013] Calibrating delay loop (skipped) preset value.. 3600.00 BogoMIPS (lpj=7200000)
[    0.020007] pid_max: default: 32768 minimum: 301
[    0.024043] Security Framework initialized
[    0.028004] Yama: becoming mindful.
[    0.032034] AppArmor: AppArmor initialized
[    0.037775] Dentry cache hash table entries: 131072 (order: 8, 1048576 bytes)
[    0.040085] Inode-cache hash table entries: 65536 (order: 7, 524288 bytes)
[    0.044018] Mount-cache hash table entries: 2048 (order: 2, 16384 bytes)
[    0.048026] Mountpoint-cache hash table entries: 2048 (order: 2, 16384 bytes)
[    0.052598] Last level iTLB entries: 4KB 64, 2MB 8, 4MB 8
[    0.056077] Last level dTLB entries: 4KB 64, 2MB 0, 4MB 0, 1GB 4
[    0.060020] Spectre V1 : Mitigation: usercopy/swapgs barriers and __user pointer sanitization
[    0.064008] Spectre V2 : Mitigation: Full generic retpoline
[    0.066116] Spectre V2 : Spectre v2 / SpectreRSB mitigation: Filling RSB on context switch
[    0.068002] Speculative Store Bypass: Vulnerable
[    0.069546] MDS: Vulnerable: Clear CPU buffers attempted, no microcode
[    0.072260] Freeing SMP alternatives memory: 36K
[    0.084000] smpboot: CPU0: Intel(R) Core(TM) i5-5350U CPU @ 1.80GHz (family: 0x6, model: 0x3d, stepping: 0x4)
[    0.084100] Performance Events: unsupported p6 CPU model 61 no PMU driver, software events only.
[    0.088041] Hierarchical SRCU implementation.
[    0.092726] NMI watchdog: Perf event create on CPU 0 failed with -2
[    0.096007] NMI watchdog: Perf NMI watchdog permanently disabled
[    0.098086] smp: Bringing up secondary CPUs ...
[    0.100117] x86: Booting SMP configuration:
[    0.101530] .... node  #0, CPUs:      #1
[    0.004000] kvm-clock: cpu 1, msr 0:3ff44041, secondary cpu clock
[    0.111077] smp: Brought up 1 node, 2 CPUs
[    0.112012] smpboot: Max logical packages: 1
[    0.113649] smpboot: Total of 2 processors activated (7200.00 BogoMIPS)
[    0.116160] devtmpfs: initialized
[    0.117486] x86/mm: Memory block size: 128MB
[    0.120149] evm: security.selinux
[    0.121309] evm: security.SMACK64
[    0.122593] evm: security.SMACK64EXEC
[    0.124014] evm: security.SMACK64TRANSMUTE
[    0.128002] evm: security.SMACK64MMAP
[    0.129211] evm: security.apparmor
[    0.130346] evm: security.ima
[    0.132003] evm: security.capability
[    0.133415] clocksource: jiffies: mask: 0xffffffff max_cycles: 0xffffffff, max_idle_ns: 7645041785100000 ns
[    0.136046] futex hash table entries: 512 (order: 3, 32768 bytes)
[    0.141863] pinctrl core: initialized pinctrl subsystem
[    0.144209] RTC time:  4:38:47, date: 09/12/19
[    0.148753] NET: Registered protocol family 16
[    0.150574] audit: initializing netlink subsys (disabled)
[    0.152259] audit: type=2000 audit(1568263131.747:1): state=initialized audit_enabled=0 res=1
[    0.156011] cpuidle: using governor ladder
[    0.160011] cpuidle: using governor menu
[    0.161273] ACPI: bus type PCI registered
[    0.164008] acpiphp: ACPI Hot Plug PCI Controller Driver version: 0.5
[    0.168163] PCI: Using configuration type 1 for base access
[    0.172571] HugeTLB registered 2.00 MiB page size, pre-allocated 0 pages
[    0.176141] ACPI: Added _OSI(Module Device)
[    0.180015] ACPI: Added _OSI(Processor Device)
[    0.184017] ACPI: Added _OSI(3.0 _SCP Extensions)
[    0.188004] ACPI: Added _OSI(Processor Aggregator Device)
[    0.192004] ACPI: Added _OSI(Linux-Dell-Video)
[    0.193451] ACPI: Added _OSI(Linux-Lenovo-NV-HDMI-Audio)
[    0.196010] ACPI: Added _OSI(Linux-HPI-Hybrid-Graphics)
[    0.198459] ACPI: Executed 1 blocks of module-level executable AML code
[    0.205599] ACPI: Interpreter enabled
[    0.206893] ACPI: (supports S0 S5)
[    0.208005] ACPI: Using IOAPIC for interrupt routing
[    0.209866] PCI: Using host bridge windows from ACPI; if necessary, use "pci=nocrs" and report a bug
[    0.212642] ACPI: Enabled 2 GPEs in block 00 to 07
[    0.226539] ACPI: PCI Root Bridge [PCI0] (domain 0000 [bus 00-ff])
[    0.228011] acpi PNP0A03:00: _OSC: OS supports [ASPM ClockPM Segments MSI]
[    0.232057] acpi PNP0A03:00: _OSC: not requesting OS control; OS requires [ExtendedConfig ASPM ClockPM MSI]
[    0.236028] acpi PNP0A03:00: fail to add MMCONFIG information, can't access extended PCI configuration space under this bridge.
[    0.240751] PCI host bridge to bus 0000:00
[    0.244006] pci_bus 0000:00: root bus resource [io  0x0000-0x0cf7 window]
[    0.246256] pci_bus 0000:00: root bus resource [io  0x0d00-0xffff window]
[    0.248011] pci_bus 0000:00: root bus resource [mem 0x000a0000-0x000bffff window]
[    0.252004] pci_bus 0000:00: root bus resource [mem 0x40000000-0xfdffffff window]
[    0.256005] pci_bus 0000:00: root bus resource [bus 00-ff]
[    0.262435] pci 0000:00:01.1: legacy IDE quirk: reg 0x10: [io  0x01f0-0x01f7]
[    0.264010] pci 0000:00:01.1: legacy IDE quirk: reg 0x14: [io  0x03f6]
[    0.266077] pci 0000:00:01.1: legacy IDE quirk: reg 0x18: [io  0x0170-0x0177]
[    0.268005] pci 0000:00:01.1: legacy IDE quirk: reg 0x1c: [io  0x0376]
[    0.304762] pci 0000:00:07.0: quirk: [io  0x4000-0x403f] claimed by PIIX4 ACPI
[    0.308075] pci 0000:00:07.0: quirk: [io  0x4100-0x410f] claimed by PIIX4 SMB
[    0.333952] ACPI: PCI Interrupt Link [LNKA] (IRQs 5 9 10 *11)
[    0.336393] ACPI: PCI Interrupt Link [LNKB] (IRQs 5 9 *10 11)
[    0.338358] ACPI: PCI Interrupt Link [LNKC] (IRQs 5 *9 10 11)
[    0.340201] ACPI: PCI Interrupt Link [LNKD] (IRQs 5 9 10 *11)
[    0.342907] SCSI subsystem initialized
[    0.344332] pci 0000:00:02.0: vgaarb: setting as boot VGA device
[    0.346115] pci 0000:00:02.0: vgaarb: VGA device added: decodes=io+mem,owns=io+mem,locks=none
[    0.348011] pci 0000:00:02.0: vgaarb: bridge control possible
[    0.352007] vgaarb: loaded
[    0.356063] ACPI: bus type USB registered
[    0.360025] usbcore: registered new interface driver usbfs
[    0.364033] usbcore: registered new interface driver hub
[    0.365764] usbcore: registered new device driver usb
[    0.367651] EDAC MC: Ver: 3.0.0
[    0.368687] PCI: Using ACPI for IRQ routing
[    0.372557] NetLabel: Initializing
[    0.376008] NetLabel:  domain hash size = 128
[    0.378585] NetLabel:  protocols = UNLABELED CIPSOv4 CALIPSO
[    0.380034] NetLabel:  unlabeled traffic allowed by default
[    0.384141] clocksource: Switched to clocksource kvm-clock
[    0.403739] VFS: Disk quotas dquot_6.6.0
[    0.405173] VFS: Dquot-cache hash table entries: 512(order 0, 4096 bytes)
[    0.434117] AppArmor: AppArmor Filesystem Enabled
[    0.436020] pnp: PnP ACPI init
[    0.438872] pnp: PnP ACPI: found 3 dvices

[    0.485133] clocksource: acpi_pm: mask: 0xffffff max_cycles: 0xffffff, max_idle_ns: 2085701024 ns
[    0.488830] NET: Registered protoco family 2

[    0.521189] TCP established hash table entries: 8192 (order: 4, 65536 bytes)
[    0.52406] TCP bind hash table entries: 8192 (order: 5, 131072 bytes)
[    0.561525] TCP: Hash tables configured (established 8192 bind 8192)
[    0.564254] UDP hash table entries: 512 (order: 2, 16384 bytes)
[    0.567447] UDP-Lite hash table entries: 512 (order: 2, 16384 bytes)
[    0.571263] NET: Registered protocol family 1
[    0.573709] pci 0000:00:00.0: Limiting direct PCI/PCI transfers
[   0.577576] pci 000:00:01.0: Activating ISA DMA hang workarounds
[    0.679966] pci 0000:00:02.0: Video device with shadowed ROM at [mem 0x000c0000-0x000dffff]
[    0.683790] Unpacking initramfs...

[    1.096257] Freeing initrd memory: 19676K
[    1.098125] clocksource: tsc: mask: 0xffffffffffffffff max_cycles: 0x19f2297dd97, max_idle_ns: 440795236593 ns
[    1.102178] platform rtc_cmos: registered platform RTC device (no PNP device found)
[    1.105411] Scanning for low memory corruption every 60 seconds
[    1.109670] Initialise system trusted keyrings
[    1.113583] Key type blacklist registered
[    1.115281] workingset: timestamp_bits=36 max_order=18 bucket_order=0
[    1.118871] zbud: loaded
[    1.120500] squashfs: version 4.0 (2009/01/31) Phillip Lougher
[    1.122741] fuse init (API version 7.26)
[    1.139374] Key type asymmetric registered
[    1.149050] Asymmetric key parser 'x509' registered
[    1.150746] Block layer SCSI generic (bsg) driver version 0.4 loaded (major 246)
[    1.153448] io scheduler noop registered
[    1.154778] io scheduler deadline registered
[    1.156803] io scheduler cfq registered (default)
[    1.159527] ACPI: AC Adapter [AC] (on-line)
[    1.162296] input: Power Button as /devices/LNXSYSTM:00/LNXPWRBN:00/input/input0
[    1.165315] ACPI: Power Button [PWRF]
[    1.166664] input: Sleep Button as /devices/LNXSYSTM:00/LNXSLPBN:00/input/input1
[    1.169406] ACPI: Sleep Button [SLPF]
[    1.172311] Serial: 8250/16550 driver, 32 ports, IRQ sharing enabled
[    1.204568] 00:02: ttyS0 at I/O 0x3f8 (irq = 4, base_baud = 115200) is a 16550A
[    1.206392] ACPI: Battery Slot [BAT0] (battery present)
[    1.226808] Linux agpgart interface v0.103
[    1.242324] loop: module loaded
[    1.249666] scsi host0: ata_piix
[    1.261756] scsi host1: ata_piix
[    1.264904] ata1: PATA max UDMA/33 cmd 0x1f0 ctl 0x3f6 bmdma 0xd000 irq 14
[    1.267620] ata2: PATA max UDMA/33 cmd 0x170 ctl 0x376 bmdma 0xd008 irq 15
[    1.270050] libphy: Fixed MDIO Bus: probed
[    1.271490] tun: Universal TUN/TAP device driver, 1.6
[    1.275606] PPP generic driver version 2.4.2
[    1.278827] ehci_hcd: USB 2.0 'Enhanced' Host Controller (EHCI) Driver
[    1.281147] ehci-pci: EHCI PCI platform driver
[    1.282867] ehci-platform: EHCI generic platform driver
[    1.284785] ohci_hcd: USB 1.1 'Open' Host Controller (OHCI) Driver
[    1.286668] ohci-pci: OHCI PCI platform driver
[    1.288361] ohci-platform: OHCI generic platform driver
[    1.295968] uhci_hcd: USB Universal Host Controller Interface driver
[    1.299398] i8042: PNP: PS/2 Controller [PNP0303:PS2K,PNP0f03:PS2M] at 0x60,0x64 irq 1,12
[    1.302491] serio: i8042 KBD port at 0x60,0x64 irq 1
[    1.304261] serio: i8042 AUX port at 0x60,0x64 irq 12
[    1.315644] mousedev: PS/2 mouse device common for all mice
[    1.319328] rtc_cmos rtc_cmos: rtc core: registered rtc_cmos as rtc0
[    1.321782] input: AT Translated Set 2 keyboard as /devices/platform/i8042/serio0/input/input2
[    1.324269] rtc_cmos rtc_cmos: alarms up to one day, 114 bytes nvram
[    1.347074] i2c /dev entries driver
[    1.348677] device-mapper: uevent: version 1.0.3
[    1.350864] device-mapper: ioctl: 4.37.0-ioctl (2017-09-20) initialised: dm-devel@redhat.com
[    1.353800] ledtrig-cpu: registered to indicate activity on CPUs
[    1.356847] NET: Registered protocol family 10
[    1.372327] Segment Routing with IPv6
[    1.375213] NET: Registered protocol family 17
[    1.378024] Key type dns_resolver registered
[    1.381933] mce: Using 0 MCE banks
[    1.383097] RAS: Correctable Errors collector initialized.
[    1.385111] sched_clock: Marking stable (1385083513, 0)->(4632049972, -3246966459)
[    1.390396] registered taskstats version 1
[    1.392200] Loading compiled-in X.509 certificates
[    1.400412] Loaded X.509 cert 'Build time autogenerated kernel key: 9d88e3c0462fa0d2df2917e8bbfdfdd1c55d8ddc'
[    1.403992] zswap: loaded using pool lzo/zbud
[    1.414197] Key type big_key registered
[    1.415580] Key type trusted registered
[    1.419501] Key type encrypted registered
[    1.421019] AppArmor: AppArmor sha1 policy hashing enabled
[    1.423268] ima: No TPM chip found, activating TPM-bypass! (rc=-19)
[    1.426525] ima: Allocated hash algorithm: sha1
[    1.429718] evm: HMAC attrs: 0x1
[    1.431423]   Magic number: 3:921:615
[    1.436150] misc tun: hash matches
[    1.438227] rtc_cmos rtc_cmos: setting system clock to 2019-09-12 04:38:48 UTC (1568263128)
[    1.443993] BIOS EDD facility v0.16 2004-Jun-25, 0 devices found
[    1.447520] EDD information not available.
[    1.452372] Freeing unused kernel image memory: 2436K
[    1.464734] Write protecting the kernel read-only data: 20480k
[    1.477424] Freeing unused kernel image memory: 2008K
[    1.482052] Freeing unused kernel image memory: 1972K
[    1.490655] x86/mm: Checked W+X mappings: passed, no W+X pages found.
[    1.493949] x86/mm: Checking user space page tables
[    1.505228] x86/mm: Checked W+X mappings: passed, no W+X pages found.
Loading, please wait...
starting version 237
[    1.624746] e1000: Intel(R) PRO/1000 Network Driver - version 7.3.21-k8-NAPI
[    1.628669] e1000: Copyright (c) 1999-2006 Intel Corporation.
[    1.636128] Fusion MPT base driver 3.04.20
[    1.637813] Copyright (c) 1999-2008 LSI Corporation
[    1.647580] Fusion MPT SPI Host driver 3.04.20
[    1.664406] AVX2 version of gcm_enc/dec engaged.
[    1.666624] AES CTR mode by8 optimization enabled
[    1.866993] input: ImExPS/2 Generic Explorer Mouse as /devices/platform/i8042/serio1/input/input4
[    2.221018] e1000 0000:00:03.0 eth0: (PCI:33MHz:32-bit) 02:54:57:2b:5c:0a
[    2.224105] e1000 0000:00:03.0 eth0: Intel(R) PRO/1000 Network Connection
[    2.231776] mptbase: ioc0: Initiating bringup
[    2.328902] ioc0: LSI53C1030 A0: Capabilities={Initiator}
[    2.578399] scsi host2: ioc0: LSI53C1030 A0, FwRev=00000000h, Ports=1, MaxQ=256, IRQ=20
[    2.749507] scsi 2:0:0:0: Direct-Access     VBOX     HARDDISK         1.0  PQ: 0 ANSI: 5
[    2.784530] scsi target2:0:0: Beginning Domain Validation
[    2.792167] scsi target2:0:0: Domain Validation skipping write tests
[    2.826445] scsi target2:0:0: Ending Domain Validation
[    2.834824] scsi target2:0:0: asynchronous
[    2.837524] scsi 2:0:1:0: Direct-Access     VBOX     HARDDISK         1.0  PQ: 0 ANSI: 5
[    3.192821] scsi target2:0:1: Beginning Domain Validation
[    3.198758] random: fast init done
[    3.203914] scsi target2:0:1: Domain Validation skipping write tests
[    3.205832] scsi target2:0:1: Ending Domain Validation
[    3.207558] scsi target2:0:1: asynchronous
[    3.215729] random: systemd-udevd: uninitialized urandom read (16 bytes read)
[    3.215805] sd 2:0:0:0: Attached scsi generic sg0 type 0
[    3.218837] random: systemd-udevd: uninitialized urandom read (16 bytes read)
[    3.221239] sd 2:0:1:0: Attached scsi generic sg1 type 0
[    3.223110] random: systemd-udevd: uninitialized urandom read (16 bytes read)
[    3.235490] sd 2:0:1:0: [sdb] 20480 512-byte logical blocks: (10.5 MB/10.0 MiB)
[    3.239055] sd 2:0:0:0: [sda] 20971520 512-byte logical blocks: (10.7 GB/10.0 GiB)
[    3.241672] sd 2:0:1:0: [sdb] Write Protect is off
[    3.243411] sd 2:0:0:0: [sda] Write Protect is off
[    3.245060] sd 2:0:1:0: [sdb] Incomplete mode parameter data
[    3.246884] sd 2:0:1:0: [sdb] Assuming drive cache: write through
[    3.249156] sd 2:0:0:0: [sda] Incomplete mode parameter data
[    3.249826] e1000 0000:00:08.0 eth1: (PCI:33MHz:32-bit) 08:00:27:3e:1e:3f
[    3.250909] sd 2:0:0:0: [sda] Assuming drive cache: write through
[    3.254251] e1000 0000:00:08.0 eth1: Intel(R) PRO/1000 Network Connection
[    3.277272] e1000 0000:00:08.0 enp0s8: renamed from eth1
[    3.281467]  sda: sda1
[    3.282786] sd 2:0:1:0: [sdb] Attached SCSI disk
[    3.288055] sd 2:0:0:0: [sda] Attached SCSI disk
[    3.304327] e1000 0000:00:03.0 enp0s3: renamed from eth0
Begin: Loading essential drivers ... [    4.848095] raid6: sse2x1   gen()  9352 MB/s
[    4.900280] raid6: sse2x1   xor()  6629 MB/s
[    4.960580] raid6: sse2x2   gen()  9730 MB/s
[    5.020259] raid6: sse2x2   xor()  6920 MB/s
[    5.076107] raid6: sse2x4   gen() 12677 MB/s
[    5.144247] raid6: sse2x4   xor()  8235 MB/s
[    5.208267] raid6: avx2x1   gen() 12674 MB/s
[    5.264241] raid6: avx2x1   xor()  5635 MB/s
[    5.320337] raid6: avx2x2   gen() 18206 MB/s
[    5.384317] raid6: avx2x2   xor() 12189 MB/s
[    5.436015] raid6: avx2x4   gen() 23545 MB/s
[    5.508161] raid6: avx2x4   xor() 15510 MB/s
[    5.529325] raid6: using algorithm avx2x4 gen() 23545 MB/s
[    5.555555] raid6: .... xor() 15510 MB/s, rmw enabled
[    5.562426] raid6: using avx2x2 recovery algorithm
[    5.575999] xor: automatically using best checksumming function   avx       
[    5.597972] async_tx: api initialized (async)
done.
Begin: Running /scripts/init-premount ... done.
Begin: Mounting root file system ... Begin: Running /scripts/local-top ... done.
Begin: Running /scripts/local-premount ... [    5.663904] Btrfs loaded, crc32c=crc32c-intel
Scanning for Btrfs filesystems
done.
Warning: fsck not present, so skipping root file[    5.717394] EXT4-fs (sda1): INFO: recovery required on readonly filesystem
 system
[    5.727189] EXT4-fs (sda1): write access will be enabled during recovery
[    6.118719] EXT4-fs (sda1): orphan cleanup on readonly fs
[    6.125951] EXT4-fs (sda1): 7 orphan inodes deleted
[    6.129713] EXT4-fs (sda1): recovery complete
[    6.133914] EXT4-fs (sda1): mounted filesystem with ordered data mode. Opts: (null)
done.
Begin: Running /scripts/local-bottom ... done.
Begin: Running /scripts/init-bottom ... done.
[    6.517390] ip_tables: (C) 2000-2006 Netfilter Core Team
[    6.668748] systemd[1]: systemd 237 running in system mode. (+PAM +AUDIT +SELINUX +IMA +APPARMOR +SMACK +SYSVINIT +UTMP +LIBCRYPTSETUP +GCRYPT +GNUTLS +ACL +XZ +LZ4 +SECCOMP +BLKID +ELFUTILS +KMOD -IDN2 +IDN -PCRE2 default-hierarchy=hybrid)
[    7.901217] systemd[1]: Detected virtualization oracle.
[    8.103720] systemd[1]: Detected architecture x86-64.

Welcome to [1mUbuntu 18.04.2 LTS[0m!

[    8.713361] systemd[1]: Set hostname to <ubuntu-bionic>.
[    9.484240] systemd[1]: Reached target System Time Synchronized.
[[0;32m  OK  [0m] Reached target System Time Synchronized.
[    9.506509] systemd[1]: Started Forward Password Requests to Wall Directory Watch.
[[0;32m  OK  [0m] Started Forward Password Requests to Wall Directory Watch.
[    9.550753] systemd[1]: Created slice User and Session Slice.
[[0;32m  OK  [0m] Created slice User and Session Slice.
[    9.590267] systemd[1]: Reached target Swap.
[[0;32m  OK  [0m] Reached target Swap.
[    9.609207] systemd[1]: Reached target User and Group Name Lookups.
[[0;32m  OK  [0m] Reached target User and Group Name Lookups.
[    9.636839] systemd[1]: Set up automount Arbitrary Executable File Formats File System Automount Point.
[[0;32m  OK  [0m] Set up automount Arbitrary Executab…rmats File System Automount Point.
[[0;32m  OK  [0m] Created slice System Slice.
[[0;32m  OK  [0m] Listening on Journal Socket.
         Starting Create list of required st…ce nodes for the current kernel...
         Mounting Huge Pages File System...
[[0;32m  OK  [0m] Listening on Syslog Socket.
         Starting Set the console keyboard layout...
[[0;32m  OK  [0m] Listening on udev Kernel Socket.
[[0;32m  OK  [0m] Listening on LVM2 poll daemon socket.
[[0;32m  OK  [0m] Listening on Device-mapper event daemon FIFOs.
[[0;32m  OK  [0m] Created slice system-serial\x2dgetty.slice.
         Mounting Kernel Debug File System...
         Starting Remount Root and Kernel[    9.882880] EXT4-fs (sda1): re-mounted. Opts: (null)
 File Systems...
[[0;32m  OK  [0m] Listening on Network Service Netlink Socket.
[[0;32m  OK  [0m] Listening on /dev/initctl Compatibility Named Pipe.
[[0;32m  OK  [0m] Listening on Journal Audit Socket.
[[0;32m  OK  [0m] Reached target Slices.
[[0;32m  OK  [0m] Listening on LVM2 metadata daemon socket.
         Starting Monitoring of LVM2 mirrors…ng dmeventd or progress polling...
         Mounting POSIX Message Queue File System...
         Starting Uncomplicated firewall...
         Starting Load Kernel Modules...
[[0;32m  OK  [0m] Listening on Journal Socket (/dev/log).
         Starting Journal Service...
[[0;32m  OK  [0m] Listening on udev Control Socket.
[    9.987400] random: crng init done
[    9.989412] random: 7 urandom warning(s) missed due to ratelimiting
         Starting udev Coldplug all Devices...
[[0;32m  OK  [0m] Started Create list of required sta…vice nodes for the current kernel.
[[0;32m  OK  [0m] Mounted Huge Pages File System.
[[0;32m  OK  [0m] Started Set the console keyboard layout.
[[0;32m  OK  [0m] Mounted Kernel Debug File System.
[[0;32m  OK  [0m] Started Remount Root and Kernel File Systems.
[[0;32m  OK  [0m] Mounted POSIX Message Queue File System.
[   10.058307] Loading iSCSI transport class v2.0-870.
[[0;32m  OK  [0m] Started Uncomplicated firewall.
[[0;32m  OK  [0m] Started LVM2 metadata daemon.
[   11.081572] iscsi: registered transport (tcp)
[   11.110279] iscsi: registered transport (iser)
         Starting Load/Save Random Seed...
         Starting Create Static Device Nodes in /dev...
[[0;32m  OK  [0m] Started Journal Service.
[[0;32m  OK  [0m] Started Monitoring of LVM2 mirrors,…sing dmeventd or progress polling.
[[0;32m  OK  [0m] Started Load Kernel Modules.
[[0;32m  OK  [0m] Started udev Coldplug all Devices.
[[0;32m  OK  [0m] Started Load/Save Random Seed.
[[0;32m  OK  [0m] Started Create Static Device Nodes in /dev.
         Starting udev Kernel Device Manager...
         Mounting Kernel Configuration File System...
         Mounting FUSE Control File System...
         Starting Apply Kernel Variables...
[[0;32m  OK  [0m] Reached target Local File Systems (Pre).
[[0;32m  OK  [0m] Reached target Local File Systems.
         Starting Tell Plymouth To Write Out Runtime Data...
         Starting AppArmor initialization...
         Starting Set console font and keymap...
         Starting ebtables ruleset management...
         Starting Flush Journal to Persistent Storage...
[[0;32m  OK  [0m] Mounted Kernel Configuration File System.
[[0;32m  OK  [0m] Mounted FUSE Control File System.
[[0;32m  OK  [0m] Started Tell Plymouth To Write Out Runtime Data.
[[0;32m  OK  [0m] Started Set console font and keymap.
[[0;32m  OK  [0m] Started udev Kernel Device Manager.
[[0;32m  OK  [0m] Started Dispatch Password Requests to Console Directory Watch.
[[0;32m  OK  [0m] Reached target Local Encrypted Volumes.
[[0;32m  OK  [0m] Started Apply Kernel Variables.
[[0;32m  OK  [0m] Started ebtables ruleset management.
[[0;32m  OK  [0m] Started Flush Journal to Persistent Storage.
         Starting Create Volatile Files and Directories...
[[0;32m  OK  [0m] Started Create Volatile Files and Directories.
         Starting Update UTMP about System Boot/Shutdown...
[[0;32m  OK  [0m] Started Update UTMP about System Boot/Shutdown.
[[0;32m  OK  [0m] Found device /dev/ttyS0.
[[0;32m  OK  [0m] Listening on Load/Save RF Kill Switch Status /dev/rfkill Watch.
[[0;32m  OK  [0m] Started AppArmor initialization.
         Starting Initial cloud-init job (pre-networking)...
[   14.738926] cloud-init[545]: Cloud-init v. 19.1-1-gbaa47854-0ubuntu1~18.04.1 running 'init-local' at Thu, 12 Sep 2019 04:39:01 +0000. Up 14.39 seconds.
[[0;32m  OK  [0m] Started Initial cloud-init job (pre-networking).
[[0;32m  OK  [0m] Reached target Network (Pre).
         Starting Network Service...
[[0;32m  OK  [0m] Started Network Service.
         Starting Network Name Resolution...
         Starting Wait for Network to be Configured...
[[0;32m  OK  [0m] Started Network Name Resolution.
[[0;32m  OK  [0m] Reached target Network.
[[0;32m  OK  [0m] Reached target Host and Network Name Lookups.
[[0;32m  OK  [0m] Started Wait for Network to be Configured.
         Starting Initial cloud-init job (metadata service crawler)...
[   17.377774] cloud-init[710]: Cloud-init v. 19.1-1-gbaa47854-0ubuntu1~18.04.1 running 'init' at Thu, 12 Sep 2019 04:39:04 +0000. Up 17.21 seconds.
[   17.385115] cloud-init[710]: ci-info: ++++++++++++++++++++++++++++++++++++++Net device info+++++++++++++++++++++++++++++++++++++++
[   17.399002] cloud-init[710]: ci-info: +--------+------+-----------------------------+---------------+--------+-------------------+
[   17.406565] cloud-init[710]: ci-info: | Device |  Up  |           Address           |      Mask     | Scope  |     Hw-Address    |
[   17.448207] cloud-init[710]: ci-info: +--------+------+-----------------------------+---------------+--------+-------------------+
[   17.453727] cloud-init[710]: ci-info: | enp0s3 | True |          10.0.2.15          | 255.255.255.0 | global | 02:54:57:2b:5c:0a |
[   17.459510] cloud-init[710]: ci-info: | enp0s3 | True |  fe80::54:57ff:fe2b:5c0a/64 |       .       |  link  | 02:54:57:2b:5c:0a |
[   17.464638] cloud-init[710]: ci-info: | enp0s8 | True |        192.168.33.10        | 255.255.255.0 | global | 08:00:27:3e:1e:3f |
[   17.473362] cloud-init[710]: ci-info: | enp0s8 | True | fe80::a00:27ff:fe3e:1e3f/64 |       .       |  link  | 08:00:27:3e:1e:3f |
[   17.479698] cloud-init[710]: ci-info: |   lo   | True |          127.0.0.1          |   255.0.0.0   |  host  |         .         |
[   17.492443] cloud-init[710]: ci-info: |   lo   | True |           ::1/128           |       .       |  host  |         .         |
[   17.498720] cloud-init[710]: ci-info: +--------+------+-----------------------------+---------------+--------+-------------------+
[   17.509005] cloud-init[710]: ci-info: +++++++++++++++++++++++++++++Route IPv4 info+++++++++++++++++++++++++++++
[   17.514762] cloud-init[710]: ci-info: +-------+--------------+----------+-----------------+-----------+-------+
[   17.521927] cloud-init[710]: ci-info: | Route | Destination  | Gateway  |     Genmask     | Interface | Flags |
[   17.539060] cloud-init[710]: ci-info: +-------+--------------+----------+-----------------+-----------+-------+
[   17.568426] cloud-init[710]: ci-info: |   0   |   0.0.0.0    | 10.0.2.2 |     0.0.0.0     |   enp0s3  |   UG  |
[   17.586141] cloud-init[710]: ci-info: |   1   |   10.0.2.0   | 0.0.0.0  |  255.255.255.0  |   enp0s3  |   U   |
[   17.611170] cloud-init[710]: ci-info: |   2   |   10.0.2.2   | 0.0.0.0  | 255.255.255.255 |   enp0s3  |   UH  |
[   17.631865] cloud-init[710]: ci-info: |   3   | 192.168.33.0 | 0.0.0.0  |  255.255.255.0  |   enp0s8  |   U   |
[   17.636578] cloud-init[710]: ci-info: +-------+--------------+----------+-----------------+-----------+-------+
[   17.651502] cloud-init[710]: ci-info: +++++++++++++++++++Route IPv6 info+++++++++++++++++++
[   17.668348] cloud-init[710]: ci-info: +-------+-------------+---------+-----------+-------+
[   17.674571] cloud-init[710]: ci-info: | Route | Destination | Gateway | Interface | Flags |
[   17.700827] cloud-init[710]: ci-info: +-------+-------------+---------+-----------+-------+
[   17.703411] cloud-init[710]: ci-info: |   1   |  fe80::/64  |    ::   |   enp0s8  |   U   |
[   17.717181] cloud-init[710]: ci-info: |   2   |  fe80::/64  |    ::   |   enp0s3  |   U   |
[   17.723107] cloud-init[710]: ci-info: |   4   |    local    |    ::   |   enp0s3  |   U   |
[[0;32m  OK  [0m] [   17.761069] cloud-init[710]: ci-info: |   5   |    local    |    ::   |   enp0s8  |   U   |
[   17.762620] Started Initial cloud-init job (metadata service crawler).
cloud-init[710]: ci-info: |   6   |   ff00::/8  |    ::   |   enp0s8  |   U   |
[[   17.788259] cloud-init[710]: ci-info: |   7   |   ff00::/8  |    ::   |   enp0s3  |   U   |
[   17.788599] cloud-init[710]: ci-info: +-------+-------------+---------+-----------+-------+
[0;32m  OK  [0m] Reached target Network is Online.
[[0;32m  OK  [0m] Reached target Remote File Systems (Pre).
[[0;32m  OK  [0m] Reached target Remote File Systems.
         Starting Availability of block devices...
[[0;32m  OK  [0m] Reached target Cloud-config availability.
[[0;32m  OK  [0m] Reached target System Initialization.
[[0;32m  OK  [0m] Started Message of the Day.
[[0;32m  OK  [0m] Listening on D-Bus System Message Bus Socket.
[[0;32m  OK  [0m] Started ACPI Events Check.
[[0;32m  OK  [0m] Reached target Paths.
[[0;32m  OK  [0m] Started Daily apt download activities.
[[0;32m  OK  [0m] Started Daily apt upgrade and clean activities.
[[0;32m  OK  [0m] Listening on UUID daemon activation socket.
[[0;32m  OK  [0m] Started Daily Cleanup of Temporary Directories.
[[0;32m  OK  [0m] Listening on ACPID Listen Socket.
         Starting LXD - unix socket.
[[0;32m  OK  [0m] Listening on Open-iSCSI iscsid Socket.
[[0;32m  OK  [0m] Started Discard unused blocks once a week.
[[0;32m  OK  [0m] Reached target Timers.
         Starting Socket activation for snappy daemon.
[[0;32m  OK  [0m] Started Availability of block devices.
[[0;32m  OK  [0m] Listening on LXD - unix socket.
[[0;32m  OK  [0m] Listening on Socket activation for snappy daemon.
[[0;32m  OK  [0m] Reached target Sockets.
[[0;32m  OK  [0m] Reached target Basic System.
         Starting Accounts Service...
         Starting Dispatcher daemon for systemd-networkd...
         Starting vboxadd.service...
         Starting Login Service...
         Starting Permit User Sessions...
[[0;32m  OK  [0m] Started FUSE filesystem for LXC.
[[0;32m  OK  [0m] Started D-Bus System Message Bus.
         Starting LSB: automatic crash report generation...
[[0;32m  OK  [0m] Started irqbalance daemon.
[[0;32m  OK  [0m] Started Deferred execution scheduler.
         Starting LSB: Record successful boot for GRUB...
         Starting System Logging Service...
         Starting Snappy daemon...
         Starting OpenBSD Secure Shell server...
[[0;32m  OK  [0m] Started Regular background program processing daemon.
         Starting LXD - container startup/shutdown...
[[0;32m  OK  [0m] Started System Logging Service.
[[0;32m  OK  [0m] Started Permit User Sessions.
[[0;32m  OK  [0m] Started Login Service.
         Starting Authorization Manager...
[[0;32m  OK  [0m] Started Unattended Upgrades Shutdown.
         Starting Terminate Plymouth Boot Screen...
         Starting Hold until boot process finishes up...
[[0;32m  OK  [0m] Started Terminate Plymouth Boot Screen.
[[0;32m  OK  [0m] Started Dispatcher daemon for systemd-networkd.
[[0;32m  OK  [0m] Started Hold until boot process finishes up.
[[0;32m  OK  [0m] Started Serial Getty on ttyS0.
         Starting Set console scheme...
[[0;32m  OK  [0m] Started LSB: Record successful boot for GRUB.
[[0;32m  OK  [0m] Started Set console scheme.
[[0;32m  OK  [0m] Started LSB: automatic crash report generation.
[[0;32m  OK  [0m] Created slice system-getty.slice.
[[0;32m  OK  [0m] Started Getty on tty1.
[[0;32m  OK  [0m] Reached target Login Prompts.
[[0;32m  OK  [0m] Started OpenBSD Secure Shell server.
[[0;32m  OK  [0m] Started Authorization Manager.
[[0;32m  OK  [0m] Started Accounts Service.
[[0;32m  OK  [0m] Started vboxadd.service.
         Starting vboxadd-service.service...
[[0;32m  OK  [0m] Started Snappy daemon.
         Starting Wait until snapd is fully seeded...
[[0;32m  OK  [0m] Started LXD - container startup/shutdown.
[[0;32m  OK  [0m] Started Wait until snapd is fully seeded.
         Starting Apply the settings specified in cloud-config...
[[0;32m  OK  [0m] Started vboxadd-service.service.
[[0;32m  OK  [0m] Reached target Multi-User System.
[[0;32m  OK  [0m] Reached target Graphical Interface.
         Starting Update UTMP about System Runlevel Changes...
[[0;32m  OK  [0m] Started Update UTMP about System Runlevel Changes.
[   20.638869] cloud-init[1153]: Cloud-init v. 19.1-1-gbaa47854-0ubuntu1~18.04.1 running 'modules:config' at Thu, 12 Sep 2019 04:39:07 +0000. Up 20.44 seconds.
[[0;32m  OK  [0m] Started Apply the settings specified in cloud-config.
         Starting Execute cloud user/final scripts...
[   21.364917] cloud-init[1216]: Cloud-init v. 19.1-1-gbaa47854-0ubuntu1~18.04.1 running 'modules:final' at Thu, 12 Sep 2019 04:39:08 +0000. Up 21.16 seconds.
[   21.406205] cloud-init[1216]: Cloud-init v. 19.1-1-gbaa47854-0ubuntu1~18.04.1 finished at Thu, 12 Sep 2019 04:39:08 +0000. Datasource DataSourceNoCloud [seed=/dev/sdb][dsmode=net].  Up 21.35 seconds
[[0;32m  OK  [0m] Started Execute cloud user/final scripts.
[[0;32m  OK  [0m] Reached target Cloud-init target.

Ubuntu 18.04.2 LTS ubuntu-bionic ttyS0

ubuntu-bionic login: 